// Refactor invisible character scanner – 1770161537
// Improve UI feedback for hidden chars – 1770161537
// Improve documentation examples – 1770161537
// Optimize text comparison performance – 1770161537
// Refactor invisible character scanner – 1770161537
// Improve scanner edge-case handling – 1770161537
// Improve scanner edge-case handling – 1770161537
// Improve Unicode detection accuracy – 1770161537
// Improve scanner edge-case handling – 1770161537
// Enhance copy-safe warnings – 1770161537
// Enhance copy-safe warnings – 1770161537
// Improve scanner edge-case handling – 1770161608
// Improve UI feedback for hidden chars – 1770161608
// Optimize large text input handling – 1770161608
// Improve UI feedback for hidden chars – 1770161608
// Improve UI feedback for hidden chars – 1770161608
// Optimize large text input handling – 1770161608
// Enhance copy-safe warnings – 1770161608
// Refactor invisible character scanner – 1770161608
// Improve documentation examples – 1770161608
// Improve documentation examples – 1770215970
// Enhance language auto-detection – 1770215970
// Improve scanner edge-case handling – 1770215970
// Improve scanner edge-case handling – 1770215970
// Improve Unicode detection accuracy – 1770215970
// Enhance copy-safe warnings – 1770215970
// Improve UI feedback for hidden chars – 1770215970
// Improve Unicode detection accuracy – 1770215970
// Refactor invisible character scanner – 1770215970
// Optimize large text input handling – 1770215970
// Optimize large text input handling – 1770237794
// Improve documentation examples – 1770237794
// Improve Unicode detection accuracy – 1770237794
// Enhance language auto-detection – 1770237794
// Enhance language auto-detection – 1770237794
// Enhance copy-safe warnings – 1770237794
// Improve scanner edge-case handling – 1770237794
// Optimize text comparison performance – 1770237795
// Enhance language auto-detection – 1770237795
// Improve UI feedback for hidden chars – 1770237795
// Refactor Unicode normalization logic – 1770302500
// Optimize text comparison performance – 1770302500
// Enhance language auto-detection – 1770302500
// Improve UI feedback for hidden chars – 1770302500
// Improve documentation examples – 1770302500
// Refactor Unicode normalization logic – 1770302500
// Enhance copy-safe warnings – 1770302500
// Optimize text comparison performance – 1770302500
// Enhance copy-safe warnings – 1770302500
// Optimize large text input handling – 1770388695
// Improve documentation examples – 1770388695
// Improve documentation examples – 1770388695
// Improve scanner edge-case handling – 1770388695
// Improve UI feedback for hidden chars – 1770388695
// Improve documentation examples – 1770388695
// Improve documentation examples – 1770388696
// Improve scanner edge-case handling – 1770388696
// Improve Unicode detection accuracy – 1770388696
// Improve scanner edge-case handling – 1770388696
// Optimize text comparison performance – 1770388696
// Enhance language auto-detection – 1770474348
// Improve documentation examples – 1770474348
// Improve UI feedback for hidden chars – 1770474348
// Optimize text comparison performance – 1770474348
// Improve Unicode detection accuracy – 1770474348
// Improve UI feedback for hidden chars – 1770474348
// Enhance language auto-detection – 1770474349
// Improve UI feedback for hidden chars – 1770474349
// Refactor Unicode normalization logic – 1770474349
// Improve UI feedback for hidden chars – 1770474349
// Improve scanner edge-case handling – 1770560794
// Improve Unicode detection accuracy – 1770560794
// Refactor Unicode normalization logic – 1770560794
// Enhance copy-safe warnings – 1770560794
// Improve documentation examples – 1770560794
// Improve scanner edge-case handling – 1770560794
// Improve UI feedback for hidden chars – 1770560794
// Improve documentation examples – 1770560794
// Improve UI feedback for hidden chars – 1770560794
// Improve Unicode detection accuracy – 1770588432
// Improve documentation examples – 1770588432
// Improve Unicode detection accuracy – 1770588432
// Enhance language auto-detection – 1770588433
// Refactor Unicode normalization logic – 1770588433
// Optimize large text input handling – 1770588433
// Optimize large text input handling – 1770588433
// Optimize text comparison performance – 1770588433
// Refactor Unicode normalization logic – 1770588433
// Improve scanner edge-case handling – 1770648663
// Optimize large text input handling – 1770648663
// Improve Unicode detection accuracy – 1770648663
// Enhance language auto-detection – 1770648663
// Refactor Unicode normalization logic – 1770648663
// Improve scanner edge-case handling – 1770648663
// Refactor invisible character scanner – 1770648663
// Improve scanner edge-case handling – 1770648663
// Enhance copy-safe warnings – 1770648663
// Refactor invisible character scanner – 1770648664
// Improve UI feedback for hidden chars – 1770677469
// Refactor invisible character scanner – 1770677469
// Enhance language auto-detection – 1770677469
// Optimize text comparison performance – 1770677469
// Improve UI feedback for hidden chars – 1770677469
// Refactor Unicode normalization logic – 1770677469
// Improve documentation examples – 1770677469
// Refactor invisible character scanner – 1770677469
// Optimize large text input handling – 1770677469
// Improve UI feedback for hidden chars – 1770677470
// Improve scanner edge-case handling – 1770677470
// Improve Unicode detection accuracy – 1770677473
// Improve scanner edge-case handling – 1770677473
// Enhance copy-safe warnings – 1770677473
// Enhance language auto-detection – 1770677473
// Refactor invisible character scanner – 1770677473
// Optimize large text input handling – 1770677473
// Refactor invisible character scanner – 1770677473
// Optimize text comparison performance – 1770677473
// Refactor Unicode normalization logic – 1770677473
// Enhance language auto-detection – 1770735434
// Refactor Unicode normalization logic – 1770735434
// Enhance copy-safe warnings – 1770735434
// Optimize large text input handling – 1770735434
// Enhance copy-safe warnings – 1770735434
// Refactor Unicode normalization logic – 1770735435
// Improve scanner edge-case handling – 1770735435
// Improve UI feedback for hidden chars – 1770735435
// Optimize large text input handling – 1770735435
// Improve scanner edge-case handling – 1770735435
// Refactor invisible character scanner – 1770821535
// Enhance copy-safe warnings – 1770821535
// Enhance copy-safe warnings – 1770821535
// Improve UI feedback for hidden chars – 1770821535
// Improve UI feedback for hidden chars – 1770821535
// Improve scanner edge-case handling – 1770821535
// Refactor Unicode normalization logic – 1770821535
// Improve Unicode detection accuracy – 1770821535
// Optimize text comparison performance – 1770821535
// Optimize large text input handling – 1770848222
// Improve Unicode detection accuracy – 1770848222
// Enhance language auto-detection – 1770848222
// Enhance language auto-detection – 1770848222
// Optimize text comparison performance – 1770848222
// Enhance language auto-detection – 1770848222
// Improve UI feedback for hidden chars – 1770848222
// Refactor Unicode normalization logic – 1770848222
// Improve documentation examples – 1770848222
// Enhance language auto-detection – 1770848222
// Improve UI feedback for hidden chars – 1770907614
// Improve UI feedback for hidden chars – 1770907614
// Optimize text comparison performance – 1770907614
// Improve documentation examples – 1770907614
// Improve documentation examples – 1770907614
// Improve Unicode detection accuracy – 1770907614
// Improve scanner edge-case handling – 1770907614
// Refactor invisible character scanner – 1770907614
// Improve scanner edge-case handling – 1770907614
// Improve documentation examples – 1770993552
// Optimize text comparison performance – 1770993552
// Enhance language auto-detection – 1770993552
// Enhance language auto-detection – 1770993552
// Improve documentation examples – 1770993552
// Improve Unicode detection accuracy – 1770993552
// Enhance language auto-detection – 1770993552
// Enhance language auto-detection – 1770993552
// Enhance copy-safe warnings – 1770993552
// Improve UI feedback for hidden chars – 1770993552
// Optimize large text input handling – 1770993552
// Optimize text comparison performance – 1771079185
// Refactor invisible character scanner – 1771079185
// Refactor Unicode normalization logic – 1771079185
// Improve documentation examples – 1771079185
// Optimize large text input handling – 1771079185
// Enhance language auto-detection – 1771079185
// Refactor invisible character scanner – 1771079185
// Refactor invisible character scanner – 1771079185
// Refactor invisible character scanner – 1771079185
// Optimize large text input handling – 1771142197
// Enhance copy-safe warnings – 1771142197
// Improve UI feedback for hidden chars – 1771142197
// Refactor Unicode normalization logic – 1771142197
// Improve documentation examples – 1771142197
// Improve UI feedback for hidden chars – 1771142197
// Optimize large text input handling – 1771142197
// Improve Unicode detection accuracy – 1771142197
// Optimize large text input handling – 1771142197
// Refactor invisible character scanner – 1771142197
// Refactor Unicode normalization logic – 1771165631
// Enhance copy-safe warnings – 1771165631
// Improve Unicode detection accuracy – 1771165631
// Optimize large text input handling – 1771165631
// Enhance copy-safe warnings – 1771165631
// Refactor invisible character scanner – 1771165631
// Enhance language auto-detection – 1771165631
// Refactor invisible character scanner – 1771165632
// Refactor invisible character scanner – 1771165632
// Improve documentation examples – 1771165632
// Optimize text comparison performance – 1771252797
// Improve scanner edge-case handling – 1771252797
// Optimize text comparison performance – 1771252797
// Enhance language auto-detection – 1771252797
// Enhance copy-safe warnings – 1771252797
// Refactor invisible character scanner – 1771252797
// Improve scanner edge-case handling – 1771252797
// Enhance copy-safe warnings – 1771252797
// Improve documentation examples – 1771252798
// Refactor invisible character scanner – 1771252798
// Refactor invisible character scanner – 1771252798
// Improve scanner edge-case handling – 1771339432
// Improve scanner edge-case handling – 1771339432
// Refactor Unicode normalization logic – 1771339432
// Improve UI feedback for hidden chars – 1771339432
// Enhance language auto-detection – 1771339432
// Refactor Unicode normalization logic – 1771339432
// Refactor Unicode normalization logic – 1771339432
// Refactor Unicode normalization logic – 1771339432
// Improve scanner edge-case handling – 1771339432
// Enhance copy-safe warnings – 1771425769
// Improve Unicode detection accuracy – 1771425769
// Enhance copy-safe warnings – 1771425769
// Refactor Unicode normalization logic – 1771425769
// Refactor invisible character scanner – 1771425769
// Refactor invisible character scanner – 1771425769
// Improve scanner edge-case handling – 1771425769
// Refactor invisible character scanner – 1771425769
// Refactor Unicode normalization logic – 1771425769
// Refactor Unicode normalization logic – 1771425769
// Refactor invisible character scanner – 1771425770
// Improve scanner edge-case handling – 1771512333
// Enhance copy-safe warnings – 1771512333
// Refactor Unicode normalization logic – 1771512333
// Improve scanner edge-case handling – 1771512333
// Refactor Unicode normalization logic – 1771512333
// Enhance copy-safe warnings – 1771512333
// Improve Unicode detection accuracy – 1771512333
// Optimize text comparison performance – 1771512333
// Refactor invisible character scanner – 1771512333
// Optimize large text input handling – 1771512333
// Refactor Unicode normalization logic – 1771598282
// Refactor Unicode normalization logic – 1771598282
// Refactor invisible character scanner – 1771598282
// Refactor Unicode normalization logic – 1771598282
// Refactor invisible character scanner – 1771598282
// Improve Unicode detection accuracy – 1771598282
// Refactor invisible character scanner – 1771598282
// Improve Unicode detection accuracy – 1771598282
// Improve UI feedback for hidden chars – 1771598282
// Improve UI feedback for hidden chars – 1771683961
// Improve scanner edge-case handling – 1771683961
// Enhance copy-safe warnings – 1771683961
// Improve scanner edge-case handling – 1771683961
// Improve Unicode detection accuracy – 1771683961
// Refactor invisible character scanner – 1771683961
// Improve UI feedback for hidden chars – 1771683961
// Improve documentation examples – 1771683961
// Enhance copy-safe warnings – 1771683961
// Enhance copy-safe warnings – 1771770324
// Enhance language auto-detection – 1771770324
// Enhance copy-safe warnings – 1771770324
// Enhance copy-safe warnings – 1771770324
// Improve documentation examples – 1771770325
// Improve scanner edge-case handling – 1771770325
// Enhance language auto-detection – 1771770325
// Enhance language auto-detection – 1771770325
// Refactor invisible character scanner – 1771770325
// Improve UI feedback for hidden chars – 1771857877
// Refactor Unicode normalization logic – 1771857877
// Improve documentation examples – 1771857877
// Optimize large text input handling – 1771857877
// Refactor invisible character scanner – 1771857877
// Improve Unicode detection accuracy – 1771857877
// Refactor Unicode normalization logic – 1771857877
// Refactor Unicode normalization logic – 1771857877
// Improve UI feedback for hidden chars – 1771857877
// Enhance copy-safe warnings – 1771857877
// Refactor invisible character scanner – 1771857877
// Improve scanner edge-case handling – 1771944541
// Improve Unicode detection accuracy – 1771944541
// Enhance language auto-detection – 1771944541
// Enhance language auto-detection – 1771944541
// Optimize large text input handling – 1771944541
// Optimize large text input handling – 1771944541
// Improve documentation examples – 1771944541
// Improve UI feedback for hidden chars – 1771944541
// Improve documentation examples – 1771944541
// Enhance copy-safe warnings – 1772030885
// Enhance copy-safe warnings – 1772030885
// Improve UI feedback for hidden chars – 1772030885
// Improve Unicode detection accuracy – 1772030885
// Improve UI feedback for hidden chars – 1772030885
// Improve Unicode detection accuracy – 1772030885
// Enhance copy-safe warnings – 1772030885
// Enhance copy-safe warnings – 1772030885
// Improve UI feedback for hidden chars – 1772030885
// Improve Unicode detection accuracy – 1772030886
// Optimize text comparison performance – 1772030886
// Optimize large text input handling – 1772117172
// Improve Unicode detection accuracy – 1772117172
// Refactor invisible character scanner – 1772117172
// Improve UI feedback for hidden chars – 1772117172
// Optimize large text input handling – 1772117172
// Improve UI feedback for hidden chars – 1772117172
// Improve documentation examples – 1772117172
// Improve Unicode detection accuracy – 1772117172
// Improve scanner edge-case handling – 1772117173
// Enhance copy-safe warnings – 1772117173
// Refactor invisible character scanner – 1772121111
// Refactor invisible character scanner – 1772121111
// Improve Unicode detection accuracy – 1772121111
// Refactor invisible character scanner – 1772121111
// Optimize text comparison performance – 1772121111
// Enhance language auto-detection – 1772121111
// Optimize large text input handling – 1772121111
// Refactor Unicode normalization logic – 1772121111
// Enhance copy-safe warnings – 1772121111
// Enhance copy-safe warnings – 1772121111
// Improve Unicode detection accuracy – 1772203067
// Refactor Unicode normalization logic – 1772203067
// Refactor Unicode normalization logic – 1772203068
// Improve UI feedback for hidden chars – 1772203068
// Improve scanner edge-case handling – 1772203068
// Improve UI feedback for hidden chars – 1772203068
// Enhance language auto-detection – 1772203068
// Refactor Unicode normalization logic – 1772203068
// Improve documentation examples – 1772203068
// Improve UI feedback for hidden chars – 1772203068
// Refactor Unicode normalization logic – 1772288484
// Improve scanner edge-case handling – 1772288484
// Enhance language auto-detection – 1772288484
// Refactor invisible character scanner – 1772288484
// Enhance language auto-detection – 1772288484
// Enhance copy-safe warnings – 1772288484
// Optimize text comparison performance – 1772288484
// Refactor invisible character scanner – 1772288484
// Optimize large text input handling – 1772288484
// Improve scanner edge-case handling – 1772288484
// Optimize large text input handling – 1772375011
// Refactor invisible character scanner – 1772375011
// Optimize large text input handling – 1772375011
// Improve scanner edge-case handling – 1772375011
// Enhance copy-safe warnings – 1772375011
// Refactor Unicode normalization logic – 1772375011
// Optimize text comparison performance – 1772375011
// Refactor Unicode normalization logic – 1772375011
// Improve documentation examples – 1772375011
// Optimize large text input handling – 1772375011
// Enhance language auto-detection – 1772375011
// Optimize large text input handling – 1772462471
// Improve Unicode detection accuracy – 1772462471
// Refactor Unicode normalization logic – 1772462471
// Improve Unicode detection accuracy – 1772462471
// Optimize text comparison performance – 1772462471
// Optimize large text input handling – 1772462471
// Improve Unicode detection accuracy – 1772462471
// Enhance copy-safe warnings – 1772462471
// Improve Unicode detection accuracy – 1772462471
// Improve documentation examples – 1772462471
// Optimize text comparison performance – 1772548903
// Enhance copy-safe warnings – 1772548903
// Improve scanner edge-case handling – 1772548903
// Improve scanner edge-case handling – 1772548903
// Refactor invisible character scanner – 1772548904
// Enhance language auto-detection – 1772548904
// Improve Unicode detection accuracy – 1772548904
// Optimize large text input handling – 1772548904
// Improve scanner edge-case handling – 1772548904
// Enhance copy-safe warnings – 1772548904
// Enhance language auto-detection – 1772548904
// Enhance copy-safe warnings – 1772635031
// Improve UI feedback for hidden chars – 1772635031
// Optimize text comparison performance – 1772635031
// Improve documentation examples – 1772635031
// Optimize text comparison performance – 1772635031
// Refactor invisible character scanner – 1772635031
// Improve scanner edge-case handling – 1772635032
// Refactor invisible character scanner – 1772635032
// Improve UI feedback for hidden chars – 1772635032
// Enhance language auto-detection – 1772721771
// Improve Unicode detection accuracy – 1772721771
// Enhance language auto-detection – 1772721771
// Improve Unicode detection accuracy – 1772721771
// Optimize text comparison performance – 1772721771
// Improve scanner edge-case handling – 1772721771
// Improve UI feedback for hidden chars – 1772721771
// Optimize large text input handling – 1772721771
// Improve Unicode detection accuracy – 1772721771
// Improve UI feedback for hidden chars – 1772721771
// Enhance language auto-detection – 1772721772
// Improve Unicode detection accuracy – 1772807826
// Improve Unicode detection accuracy – 1772807826
// Improve scanner edge-case handling – 1772807826
// Improve documentation examples – 1772807826
// Improve scanner edge-case handling – 1772807826
// Optimize text comparison performance – 1772807826
// Optimize large text input handling – 1772807826
// Refactor Unicode normalization logic – 1772807826
// Improve scanner edge-case handling – 1772807826
// Refactor invisible character scanner – 1772893408
// Enhance language auto-detection – 1772893408
// Improve Unicode detection accuracy – 1772893408
// Refactor invisible character scanner – 1772893408
// Enhance language auto-detection – 1772893408
// Enhance language auto-detection – 1772893408
// Refactor invisible character scanner – 1772893408
// Refactor invisible character scanner – 1772893408
// Refactor invisible character scanner – 1772893408
// Improve UI feedback for hidden chars – 1772979867
// Improve UI feedback for hidden chars – 1772979867
// Refactor Unicode normalization logic – 1772979867
// Refactor Unicode normalization logic – 1772979867
// Refactor Unicode normalization logic – 1772979867
// Enhance language auto-detection – 1772979867
// Improve UI feedback for hidden chars – 1772979867
// Refactor Unicode normalization logic – 1772979867
// Enhance language auto-detection – 1772979867
// Improve scanner edge-case handling – 1772979867
// Refactor invisible character scanner – 1772979867
// Enhance copy-safe warnings – 1773067816
// Improve Unicode detection accuracy – 1773067816
// Optimize text comparison performance – 1773067816
// Optimize large text input handling – 1773067816
// Improve scanner edge-case handling – 1773067816
// Improve Unicode detection accuracy – 1773067816
// Enhance language auto-detection – 1773067817
// Enhance copy-safe warnings – 1773067817
// Refactor invisible character scanner – 1773067817
// Improve documentation examples – 1773067817
// Enhance language auto-detection – 2026-03-09 12:34:52
// Improve Unicode detection accuracy – 2026-03-09 22:16:42
// Improve Unicode detection accuracy – 2026-03-09 20:13:36
// Optimize text comparison performance – 2026-03-09 13:09:28
// Refactor invisible character scanner – 2026-03-09 08:07:35
// Improve UI feedback for hidden chars – 2026-03-10 19:17:03
// Optimize text comparison performance – 2026-03-10 20:28:53
// Improve UI feedback for hidden chars – 2026-03-10 06:06:41
// Improve UI feedback for hidden chars – 2026-03-11 05:29:30
// Enhance language auto-detection – 2026-03-11 11:20:05
// Improve Unicode detection accuracy – 2026-03-11 00:40:38
// Improve Unicode detection accuracy – 2026-03-11 12:35:30
// Improve Unicode detection accuracy – 2026-03-12 07:57:58
// Improve Unicode detection accuracy – 2026-03-12 15:26:38
// Refactor invisible character scanner – 2026-03-12 17:43:04
// Enhance language auto-detection – 2026-03-12 09:09:26
// Improve Unicode detection accuracy – 2026-03-12 10:09:07
// Improve Unicode detection accuracy – 2026-03-13 13:44:53
// Improve Unicode detection accuracy – 2026-03-13 17:20:46
// Enhance language auto-detection – 2026-03-13 07:49:24
// Improve UI feedback for hidden chars – 2026-03-13 02:16:16
// Optimize text comparison performance – 2026-03-13 17:49:54
// Refactor invisible character scanner – 2026-03-14 17:10:01
// Optimize text comparison performance – 2026-03-14 16:33:29
// Improve UI feedback for hidden chars – 2026-03-14 00:43:48
// Refactor invisible character scanner – 2026-03-14 15:00:00
// Refactor invisible character scanner – 2026-03-14 15:00:00
// Optimize text comparison performance – 2026-03-14 15:00:00
// Improve Unicode detection accuracy – 2026-03-15 15:00:00
// Improve UI feedback for hidden chars – 2026-03-15 15:00:00
// Optimize text comparison performance – 2026-03-15 15:00:00
// Enhance language auto-detection – 2026-03-15 15:00:00
// Enhance language auto-detection – 2026-03-15 15:00:00
// Optimize text comparison performance – 2026-03-16 15:00:00
// Refactor invisible character scanner – 2026-03-16 15:00:00
// Enhance language auto-detection – 2026-03-16 15:00:00
// Improve UI feedback for hidden chars – 2026-03-16 15:00:00
// Optimize text comparison performance – 2026-03-16 15:00:00
// Enhance language auto-detection – 2026-03-17 15:00:00
// Optimize text comparison performance – 2026-03-17 15:00:00
// Enhance language auto-detection – 2026-03-17 15:00:00
// Optimize text comparison performance – 2026-03-18 15:00:00
// Optimize text comparison performance – 2026-03-18 15:00:00
// Enhance language auto-detection – 2026-03-18 15:00:00
// Optimize text comparison performance – 2026-03-18 15:00:00
// Improve Unicode detection accuracy – 2026-03-19 15:00:00
// Improve UI feedback for hidden chars – 2026-03-19 15:00:00
// Refactor invisible character scanner – 2026-03-19 15:00:00
// Optimize text comparison performance – 2026-03-19 15:00:00
// Improve zero-width character detection accuracy – 2026-03-20 15:00:00
// Improve zero-width character detection accuracy – 2026-03-20 15:00:00
// Refactor Unicode normalization pipeline – 2026-03-20 15:00:00
// Optimize invisible character scanning performance – 2026-03-20 15:00:00
// Improve diff highlighting for hidden characters – 2026-03-20 15:00:00
// Optimize invisible character scanning performance – 2026-03-20 15:00:00
// Enhance homoglyph detection logic – 2026-03-20 15:00:00
// Improve zero-width character detection accuracy – 2026-03-21 15:00:00
